[Licensing::Module] Trying to connect to existing licensing client channel...
Built from '6000.3/staging' branch; Version is '6000.3.9f1 (7a9955a4f2fa) revision 8034645'; Using compiler version '194234433'; Build Type 'Release'
OS: 'Windows 11  (10.0.26200) Professional' Language: 'en' Physical Memory: 15515 MB
[Licensing::IpcConnector] Successfully connected to: "LicenseClient-rapto" at "2026-06-21T21:01:51.9264888Z"
BatchMode: 1, IsHumanControllingUs: 0, StartBugReporterOnCrash: 0, Is64bit: 1
System  architecture: x64
Process architecture: x64
Date: 2026-06-21T21:01:51Z

COMMAND LINE ARGUMENTS:
C:\Program Files\Unity\Hub\Editor\6000.3.9f1\Editor\Unity.exe
-adb2
-batchMode
-noUpm
-name
AssetImportWorker4
-projectPath
C:/Users/rapto/OneDrive/Desktop/Echoes_of_the_Last_Star/Echoes of the Last Star
-logFile
Logs/AssetImportWorker4.log
-srvPort
62333
-job-worker-count
5
-background-job-worker-count
8
-gc-helper-count
1
-name
AssetImport
Successfully changed project path to: C:/Users/rapto/OneDrive/Desktop/Echoes_of_the_Last_Star/Echoes of the Last Star
C:/Users/rapto/OneDrive/Desktop/Echoes_of_the_Last_Star/Echoes of the Last Star
[UnityMemory] Configuration Parameters - Can be set up in boot.config
    "memorysetup-temp-allocator-size-nav-mesh-worker=65536"
    "memorysetup-temp-allocator-size-audio-worker=65536"
    "memorysetup-temp-allocator-size-gfx=262144"
    "memorysetup-allocator-temp-initial-block-size-main=262144"
    "memorysetup-allocator-temp-initial-block-size-worker=262144"
    "memorysetup-temp-allocator-size-background-worker=32768"
    "memorysetup-temp-allocator-size-job-worker=262144"
    "memorysetup-temp-allocator-size-preload-manager=33554432"
    "memorysetup-temp-allocator-size-gi-baking-worker=262144"
    "memorysetup-temp-allocator-size-gi-baking-worker=262144"
    "memorysetup-temp-allocator-size-gi-baking-worker=262144"
    "memorysetup-temp-allocator-size-gi-baking-worker=262144"
    "memorysetup-temp-allocator-size-gi-baking-worker=262144"
    "memorysetup-bucket-allocator-granularity=16"
    "memorysetup-bucket-allocator-bucket-count=8"
    "memorysetup-bucket-allocator-block-size=33554432"
    "memorysetup-bucket-allocator-block-count=8"
    "memorysetup-main-allocator-block-size=16777216"
    "memorysetup-thread-allocator-block-size=16777216"
    "memorysetup-gfx-main-allocator-block-size=16777216"
    "memorysetup-gfx-thread-allocator-block-size=16777216"
    "memorysetup-cache-allocator-block-size=4194304"
    "memorysetup-typetree-allocator-block-size=2097152"
    "memorysetup-profiler-bucket-allocator-granularity=16"
    "memorysetup-profiler-bucket-allocator-bucket-count=8"
    "memorysetup-profiler-bucket-allocator-block-size=33554432"
    "memorysetup-profiler-bucket-allocator-block-count=8"
    "memorysetup-profiler-allocator-block-size=16777216"
    "memorysetup-profiler-editor-allocator-block-size=1048576"
    "memorysetup-temp-allocator-size-main=16777216"
    "memorysetup-job-temp-allocator-block-size=2097152"
    "memorysetup-job-temp-allocator-block-size-background=1048576"
    "memorysetup-job-temp-allocator-reduction-small-platforms=262144"
    "memorysetup-temp-allocator-size-cloud-worker=32768"
Player connection [25684]  Target information:

Player connection [25684]  * "[IP] 169.254.83.107 [Port] 0 [Flags] 2 [Guid] 493112087 [EditorId] 493112087 [Version] 1048832 [Id] WindowsEditor(7,SawyersPC) [Debug] 1 [PackageName] WindowsEditor [ProjectName] Editor" 

Player connection [25684]  * "[IP] 192.168.58.114 [Port] 0 [Flags] 2 [Guid] 493112087 [EditorId] 493112087 [Version] 1048832 [Id] WindowsEditor(7,SawyersPC) [Debug] 1 [PackageName] WindowsEditor [ProjectName] Editor" 

Player connection [25684] Host joined multi-casting on [225.0.0.222:54997]...
Player connection [25684] Host joined alternative multi-casting on [225.0.0.222:34997]...
JobSystem: Creating JobQueue using job-worker-count value 5
Input System module state changed to: Initialized.
[Physics::Module] Initialized fallback backend.
[Physics::Module] Id: 0xdecafbad
Library Redirect Path: Library/
[Physics::Module] Selected backend.
[Physics::Module] Name: PhysX
[Physics::Module] Id: 0xf2b8ea05
[Physics::Module] SDK Version: 4.1.2
[Physics::Module] Integration Version: 1.0.0
[Physics::Module] Threading Mode: Multi-Threaded
Refreshing native plugins compatible for Editor in 2.38 ms, found 3 plugins.
Preloading 0 native plugins for Editor in 0.00 ms.
Initialize engine version: 6000.3.9f1 (7a9955a4f2fa)
[Subsystems] Discovering subsystems at path C:/Program Files/Unity/Hub/Editor/6000.3.9f1/Editor/Data/Resources/UnitySubsystems
[Subsystems] Discovering subsystems at path C:/Users/rapto/OneDrive/Desktop/Echoes_of_the_Last_Star/Echoes of the Last Star/Assets
GfxDevice: creating device client; kGfxThreadingModeNonThreaded
Direct3D:
    Version:  Direct3D 11.0 [level 11.1]
    Renderer: NVIDIA GeForce GTX 1080 (ID=0x1b80)
    Vendor:   NVIDIA
    VRAM:     8059 MB
    Driver:   32.0.15.8228
Initialize mono
Mono path[0] = 'C:/Program Files/Unity/Hub/Editor/6000.3.9f1/Editor/Data/Managed'
Mono path[1] = 'C:/Program Files/Unity/Hub/Editor/6000.3.9f1/Editor/Data/MonoBleedingEdge/lib/mono/unityjit-win32'
Mono config path = 'C:/Program Files/Unity/Hub/Editor/6000.3.9f1/Editor/Data/MonoBleedingEdge/etc'
Using monoOptions --debugger-agent=transport=dt_socket,embedding=1,server=y,suspend=n,address=127.0.0.1:56888
Begin MonoManager ReloadAssembly
Registering precompiled unity dll's ...
Register platform support module: C:/Program Files/Unity/Hub/Editor/6000.3.9f1/Editor/Data/PlaybackEngines/WebGLSupport/UnityEditor.WebGL.Extensions.dll
Register platform support module: C:/Program Files/Unity/Hub/Editor/6000.3.9f1/Editor/Data/PlaybackEngines/WindowsStandaloneSupport/UnityEditor.WindowsStandalone.Extensions.dll
Registered in 0.001858 seconds.
- Loaded All Assemblies, in  0.296 seconds
Native extension for WindowsStandalone target not found
Native extension for WebGL target not found
ScheduleIndexationOnStartup MainProcess:False IndexOnStartup:True
Mono: successfully reloaded assembly
- Finished resetting the current domain, in  0.261 seconds
Domain Reload Profiling: 555ms
	BeginReloadAssembly (93ms)
		ExecutionOrderSort (0ms)
		DisableScriptedObjects (0ms)
		BackupInstance (0ms)
		ReleaseScriptingObjects (0ms)
		CreateAndSetChildDomain (1ms)
	RebuildCommonClasses (27ms)
	RebuildNativeTypeToScriptingClass (8ms)
	initialDomainReloadingComplete (36ms)
	LoadAllAssembliesAndSetupDomain (129ms)
		LoadAssemblies (90ms)
		RebuildTransferFunctionScriptingTraits (0ms)
		AnalyzeDomain (127ms)
			TypeCache.Refresh (125ms)
				TypeCache.ScanAssembly (116ms)
			BuildScriptInfoCaches (0ms)
			ResolveRequiredComponents (0ms)
	FinalizeReload (261ms)
		ReleaseScriptCaches (0ms)
		RebuildScriptCaches (0ms)
		SetupLoadedEditorAssemblies (228ms)
			LogAssemblyErrors (0ms)
			InitializePlatformSupportModulesInManaged (34ms)
			SetLoadedEditorAssemblies (3ms)
			BeforeProcessingInitializeOnLoad (52ms)
			ProcessInitializeOnLoadAttributes (93ms)
			ProcessInitializeOnLoadMethodAttributes (46ms)
			AfterProcessingInitializeOnLoad (0ms)
			EditorAssembliesLoaded (0ms)
		ExecutionOrderSort2 (0ms)
		AwakeInstancesAfterBackupRestoration (0ms)
========================================================================
Worker process is ready to serve import requests
Import Worker Mode flag is 0x00
Begin MonoManager ReloadAssembly
[Licensing::Module] Licensing is not yet initialized.
[Licensing::Client] Handshaking with LicensingClient:
  Version:                 1.17.4+4293ba1
  Session Id:              8ed63f280b5b4d9f94249460c96fe5ce
  Correlation Id:          eab93265ec1beb8752d7030987ae8b1a
  External correlation Id: 5919249106228240607
  Machine Id:              lmdeKx2blGSywSJ5sGaYov3tC2Y=
[Licensing::Module] Successfully connected to LicensingClient on channel: "LicenseClient-rapto" (connect: 0.00s, validation: 0.00s, handshake: 1.36s)
[Licensing::IpcConnector] Successfully connected to: "LicenseClient-rapto-notifications" at "2026-06-21T21:01:53.2869171Z"
[Licensing::Module] Licensing Background thread has ended after 1.36s
[Licensing::Module] Licensing is initialized (took 0.15s).
[Licensing::Client] Successfully resolved entitlement details
[Licensing::Module] License group:
  Id: 2474533706831-UnityPersXXXX
  Product: Unity Personal
  Type: Assigned
  Expiration: Unlimited
- Loaded All Assemblies, in  0.679 seconds
Refreshing native plugins compatible for Editor in 2.43 ms, found 3 plugins.
Native extension for WindowsStandalone target not found
Native extension for WebGL target not found
Package Manager log level set to [2]
[Package Manager] Failed to launch server process. Reason: Unity was launched with the -noUpm command-line argument
[Package Manager] Unable to send message (not connected to server process).
[Package Manager] Cannot connect to Unity Package Manager local server
ScheduleIndexationOnStartup MainProcess:False IndexOnStartup:True
Mono: successfully reloaded assembly
- Finished resetting the current domain, in  0.553 seconds
Domain Reload Profiling: 1229ms
	BeginReloadAssembly (271ms)
		ExecutionOrderSort (0ms)
		DisableScriptedObjects (3ms)
		BackupInstance (0ms)
		ReleaseScriptingObjects (0ms)
		CreateAndSetChildDomain (24ms)
	RebuildCommonClasses (23ms)
	RebuildNativeTypeToScriptingClass (9ms)
	initialDomainReloadingComplete (25ms)
	LoadAllAssembliesAndSetupDomain (348ms)
		LoadAssemblies (228ms)
		RebuildTransferFunctionScriptingTraits (0ms)
		AnalyzeDomain (184ms)
			TypeCache.Refresh (118ms)
				TypeCache.ScanAssembly (109ms)
			BuildScriptInfoCaches (55ms)
			ResolveRequiredComponents (7ms)
	FinalizeReload (553ms)
		ReleaseScriptCaches (0ms)
		RebuildScriptCaches (0ms)
		SetupLoadedEditorAssemblies (427ms)
			LogAssemblyErrors (0ms)
			InitializePlatformSupportModulesInManaged (2ms)
			SetLoadedEditorAssemblies (2ms)
			BeforeProcessingInitializeOnLoad (81ms)
			ProcessInitializeOnLoadAttributes (300ms)
			ProcessInitializeOnLoadMethodAttributes (38ms)
			AfterProcessingInitializeOnLoad (4ms)
			EditorAssembliesLoaded (0ms)
		ExecutionOrderSort2 (0ms)
		AwakeInstancesAfterBackupRestoration (4ms)
Launched and connected shader compiler UnityShaderCompiler.exe after 0.01 seconds
Refreshing native plugins compatible for Editor in 0.78 ms, found 3 plugins.
Preloading 0 native plugins for Editor in 0.00 ms.
Unloading 16 Unused Serialized files (Serialized files now loaded: 0)
Unloading 6183 unused Assets / (4.0 MB). Loaded Objects now: 6984.
Memory consumption went from 145.9 MB to 141.9 MB.
Total: 5.694900 ms (FindLiveObjects: 0.588600 ms CreateObjectMapping: 0.143600 ms MarkObjects: 3.683200 ms  DeleteObjects: 1.278300 ms)

========================================================================
Received Import Request.
  Time since last request: 288197.877912 seconds.
  path: Assets/Player/textures/eyebrow008.mat
  artifactKey: Guid(44b824eedeed1ab44b574d623d49fb04) Importer(815301076,1909f56bfc062723c751e8b465ee728b)
Start importing Assets/Player/textures/eyebrow008.mat using Guid(44b824eedeed1ab44b574d623d49fb04) Importer(815301076,1909f56bfc062723c751e8b465ee728b) (PreviewImporter) -> (artifact id: '6e1b78222090f63e78f2f257b038f894') in 0.4125678 seconds
Number of updated asset objects reloaded before import = 0Number of asset objects unloaded after import = 2

========================================================================
Received Prepare
Begin MonoManager ReloadAssembly
[Licensing::Client] Successfully resolved entitlement details
- Loaded All Assemblies, in  0.577 seconds
Refreshing native plugins compatible for Editor in 1.59 ms, found 3 plugins.
Native extension for WindowsStandalone target not found
Native extension for WebGL target not found
[Package Manager] Failed to launch server process. Reason: Unity was launched with the -noUpm command-line argument
[Package Manager] Unable to send message (not connected to server process).
[Package Manager] Cannot connect to Unity Package Manager local server
ScheduleIndexationOnStartup MainProcess:False IndexOnStartup:True
Mono: successfully reloaded assembly
- Finished resetting the current domain, in  0.583 seconds
Domain Reload Profiling: 1161ms
	BeginReloadAssembly (189ms)
		ExecutionOrderSort (0ms)
		DisableScriptedObjects (12ms)
		BackupInstance (0ms)
		ReleaseScriptingObjects (0ms)
		CreateAndSetChildDomain (56ms)
	RebuildCommonClasses (26ms)
	RebuildNativeTypeToScriptingClass (9ms)
	initialDomainReloadingComplete (21ms)
	LoadAllAssembliesAndSetupDomain (332ms)
		LoadAssemblies (253ms)
		RebuildTransferFunctionScriptingTraits (0ms)
		AnalyzeDomain (148ms)
			TypeCache.Refresh (4ms)
				TypeCache.ScanAssembly (0ms)
			BuildScriptInfoCaches (133ms)
			ResolveRequiredComponents (7ms)
	FinalizeReload (584ms)
		ReleaseScriptCaches (0ms)
		RebuildScriptCaches (0ms)
		SetupLoadedEditorAssemblies (460ms)
			LogAssemblyErrors (0ms)
			InitializePlatformSupportModulesInManaged (2ms)
			SetLoadedEditorAssemblies (2ms)
			BeforeProcessingInitializeOnLoad (100ms)
			ProcessInitializeOnLoadAttributes (309ms)
			ProcessInitializeOnLoadMethodAttributes (41ms)
			AfterProcessingInitializeOnLoad (5ms)
			EditorAssembliesLoaded (0ms)
		ExecutionOrderSort2 (0ms)
		AwakeInstancesAfterBackupRestoration (11ms)
Refreshing native plugins compatible for Editor in 1.34 ms, found 3 plugins.
Preloading 0 native plugins for Editor in 0.00 ms.
Unloading 16 Unused Serialized files (Serialized files now loaded: 0)
Unloading 6180 unused Assets / (4.3 MB). Loaded Objects now: 7065.
Memory consumption went from 153.5 MB to 149.2 MB.
Total: 7.374100 ms (FindLiveObjects: 0.648200 ms CreateObjectMapping: 0.171900 ms MarkObjects: 4.696700 ms  DeleteObjects: 1.856000 ms)

Prepare: number of updated asset objects reloaded= 0
========================================================================
Received Import Request.
  Time since last request: 238.771338 seconds.
  path: Assets/Player/Materials
  artifactKey: Guid(25d56f7f13c7e484087a9aa3ea9f3042) Importer(815301076,1909f56bfc062723c751e8b465ee728b)
Start importing Assets/Player/Materials using Guid(25d56f7f13c7e484087a9aa3ea9f3042) Importer(815301076,1909f56bfc062723c751e8b465ee728b) (PreviewImporter) -> (artifact id: '7ec6647d17b557d3d251c22548b78061') in 0.0085291 seconds
Number of updated asset objects reloaded before import = 0Number of asset objects unloaded after import = 0

========================================================================
Received Import Request.
  Time since last request: 0.066535 seconds.
  path: Assets/Player/Materials/blue_eye.mat
  artifactKey: Guid(a012a3b77ac70684ebce03238ff0cbfb) Importer(815301076,1909f56bfc062723c751e8b465ee728b)
Start importing Assets/Player/Materials/blue_eye.mat using Guid(a012a3b77ac70684ebce03238ff0cbfb) Importer(815301076,1909f56bfc062723c751e8b465ee728b) (PreviewImporter) -> (artifact id: 'a819e24a011b63e79187d87dfe684a3c') in 0.2755062 seconds
Number of updated asset objects reloaded before import = 0Number of asset objects unloaded after import = 2

========================================================================
Received Import Request.
  Time since last request: 15.945726 seconds.
  path: Assets/Player/Kai.fbx
  artifactKey: Guid(954b63cc3b5ec8446904ccbb3a7bf503) Importer(815301076,1909f56bfc062723c751e8b465ee728b)
Start importing Assets/Player/Kai.fbx using Guid(954b63cc3b5ec8446904ccbb3a7bf503) Importer(815301076,1909f56bfc062723c751e8b465ee728b) (PreviewImporter) -> (artifact id: 'e91dd9a0297cfcfc027b08c6c01c7c4f') in 0.1266247 seconds
Number of updated asset objects reloaded before import = 0Number of asset objects unloaded after import = 168

========================================================================
Received Import Request.
  Time since last request: 6.802734 seconds.
  path: Assets/Player/Kai.fbx
  artifactKey: Guid(954b63cc3b5ec8446904ccbb3a7bf503) Importer(815301076,1909f56bfc062723c751e8b465ee728b)
Start importing Assets/Player/Kai.fbx using Guid(954b63cc3b5ec8446904ccbb3a7bf503) Importer(815301076,1909f56bfc062723c751e8b465ee728b) (PreviewImporter) -> (artifact id: '5211d01ec2e16f9ceb5b3ceb39dd6878') in 0.0701809 seconds
Number of updated asset objects reloaded before import = 0Number of asset objects unloaded after import = 168

========================================================================
Received Import Request.
  Time since last request: 217.615483 seconds.
  path: Assets/Kai.fbx
  artifactKey: Guid(efeb8be62d88a634c90ec9952402d370) Importer(815301076,1909f56bfc062723c751e8b465ee728b)
Start importing Assets/Kai.fbx using Guid(efeb8be62d88a634c90ec9952402d370) Importer(815301076,1909f56bfc062723c751e8b465ee728b) (PreviewImporter) -> (artifact id: 'fec016d39bdb09d59132c36887012ccd') in 0.235518 seconds
Number of updated asset objects reloaded before import = 0Number of asset objects unloaded after import = 157

========================================================================
Received Import Request.
  Time since last request: 34.520185 seconds.
  path: Assets/Player/Kai.fbx
  artifactKey: Guid(efeb8be62d88a634c90ec9952402d370) Importer(815301076,1909f56bfc062723c751e8b465ee728b)
Start importing Assets/Player/Kai.fbx using Guid(efeb8be62d88a634c90ec9952402d370) Importer(815301076,1909f56bfc062723c751e8b465ee728b) (PreviewImporter) -> (artifact id: '44da2a282bef20f79d05541654ae9883') in 0.1673447 seconds
Number of updated asset objects reloaded before import = 0Number of asset objects unloaded after import = 159

========================================================================
Received Import Request.
  Time since last request: 57.826242 seconds.
  path: Assets/Player/Kai.fbx
  artifactKey: Guid(efeb8be62d88a634c90ec9952402d370) Importer(815301076,1909f56bfc062723c751e8b465ee728b)
Start importing Assets/Player/Kai.fbx using Guid(efeb8be62d88a634c90ec9952402d370) Importer(815301076,1909f56bfc062723c751e8b465ee728b) (PreviewImporter) -> (artifact id: '8e5b90a78cfdba1563e88fb49fb49ca4') in 0.1981242 seconds
Number of updated asset objects reloaded before import = 0Number of asset objects unloaded after import = 168

========================================================================
Received Import Request.
  Time since last request: 4.830388 seconds.
  path: Assets/Player/Kai.fbx
  artifactKey: Guid(efeb8be62d88a634c90ec9952402d370) Importer(815301076,1909f56bfc062723c751e8b465ee728b)
Start importing Assets/Player/Kai.fbx using Guid(efeb8be62d88a634c90ec9952402d370) Importer(815301076,1909f56bfc062723c751e8b465ee728b) (PreviewImporter) -> (artifact id: '2256dbc279078f41095137a6d0e81074') in 0.0610078 seconds
Number of updated asset objects reloaded before import = 0Number of asset objects unloaded after import = 168

========================================================================
Received Import Request.
  Time since last request: 134.518386 seconds.
  path: Assets/Player/Kai.fbx
  artifactKey: Guid(efeb8be62d88a634c90ec9952402d370) Importer(815301076,1909f56bfc062723c751e8b465ee728b)
Start importing Assets/Player/Kai.fbx using Guid(efeb8be62d88a634c90ec9952402d370) Importer(815301076,1909f56bfc062723c751e8b465ee728b) (PreviewImporter) -> (artifact id: '1cf86d1739b56ef7562ba8a94090b912') in 0.097747 seconds
Number of updated asset objects reloaded before import = 0Number of asset objects unloaded after import = 168

========================================================================
Received Import Request.
  Time since last request: 215.335449 seconds.
  path: Assets/Player/textures/eyebrow008.mat
  artifactKey: Guid(44b824eedeed1ab44b574d623d49fb04) Importer(815301076,1909f56bfc062723c751e8b465ee728b)
Start importing Assets/Player/textures/eyebrow008.mat using Guid(44b824eedeed1ab44b574d623d49fb04) Importer(815301076,1909f56bfc062723c751e8b465ee728b) (PreviewImporter) -> (artifact id: '49d8d936f18689317715028677bd91af') in 0.0091804 seconds
Number of updated asset objects reloaded before import = 0Number of asset objects unloaded after import = 2

========================================================================
Received Import Request.
  Time since last request: 0.000026 seconds.
  path: Assets/Player/textures/teeth_base.mat
  artifactKey: Guid(a2ce08126f63d6d43ab3f60d8443138e) Importer(815301076,1909f56bfc062723c751e8b465ee728b)
Start importing Assets/Player/textures/teeth_base.mat using Guid(a2ce08126f63d6d43ab3f60d8443138e) Importer(815301076,1909f56bfc062723c751e8b465ee728b) (PreviewImporter) -> (artifact id: '0449bb80b5b6e289a60f63fd7b2afb03') in 0.0101623 seconds
Number of updated asset objects reloaded before import = 0Number of asset objects unloaded after import = 2

========================================================================
Received Import Request.
  Time since last request: 0.000035 seconds.
  path: Assets/Player/textures/kai.mat
  artifactKey: Guid(5a45d09ee02f3d041b4b875628fcdf42) Importer(815301076,1909f56bfc062723c751e8b465ee728b)
Start importing Assets/Player/textures/kai.mat using Guid(5a45d09ee02f3d041b4b875628fcdf42) Importer(815301076,1909f56bfc062723c751e8b465ee728b) (PreviewImporter) -> (artifact id: '668b8bc59284d66d3dce51ddc5b8401d') in 0.0074684 seconds
Number of updated asset objects reloaded before import = 0Number of asset objects unloaded after import = 1

========================================================================
Received Import Request.
  Time since last request: 0.000018 seconds.
  path: Assets/Player/textures/tongue01.mat
  artifactKey: Guid(72b0ae8549470364faff9551d0490604) Importer(815301076,1909f56bfc062723c751e8b465ee728b)
Start importing Assets/Player/textures/tongue01.mat using Guid(72b0ae8549470364faff9551d0490604) Importer(815301076,1909f56bfc062723c751e8b465ee728b) (PreviewImporter) -> (artifact id: '9b0bb9cba1ce204e94ce0158c1b7708e') in 0.0090974 seconds
Number of updated asset objects reloaded before import = 0Number of asset objects unloaded after import = 2

========================================================================
Received Import Request.
  Time since last request: 0.000025 seconds.
  path: Assets/Player/textures/shoes03.mat
  artifactKey: Guid(b6fe46657d2e5c0448aea70855cd6057) Importer(815301076,1909f56bfc062723c751e8b465ee728b)
Start importing Assets/Player/textures/shoes03.mat using Guid(b6fe46657d2e5c0448aea70855cd6057) Importer(815301076,1909f56bfc062723c751e8b465ee728b) (PreviewImporter) -> (artifact id: '82773c2c2d020c1773167e57b95ce204') in 0.0067424 seconds
Number of updated asset objects reloaded before import = 0Number of asset objects unloaded after import = 2

========================================================================
Received Import Request.
  Time since last request: 0.000019 seconds.
  path: Assets/Player/textures/high-poly.mat
  artifactKey: Guid(ffc41b1db8d5a8243b983f8254a69a4c) Importer(815301076,1909f56bfc062723c751e8b465ee728b)
Start importing Assets/Player/textures/high-poly.mat using Guid(ffc41b1db8d5a8243b983f8254a69a4c) Importer(815301076,1909f56bfc062723c751e8b465ee728b) (PreviewImporter) -> (artifact id: 'cfe0f50bf90c058132a0d3699fc0d5a8') in 0.0083797 seconds
Number of updated asset objects reloaded before import = 0Number of asset objects unloaded after import = 2

========================================================================
Received Import Request.
  Time since last request: 0.000023 seconds.
  path: Assets/Player/textures/male_casualsuit01.mat
  artifactKey: Guid(f998dc8f333ada84d8889fd09eeffeea) Importer(815301076,1909f56bfc062723c751e8b465ee728b)
Start importing Assets/Player/textures/male_casualsuit01.mat using Guid(f998dc8f333ada84d8889fd09eeffeea) Importer(815301076,1909f56bfc062723c751e8b465ee728b) (PreviewImporter) -> (artifact id: '17e494b86a75eea464cd675b556f1fcc') in 0.0110882 seconds
Number of updated asset objects reloaded before import = 0Number of asset objects unloaded after import = 3

========================================================================
Received Import Request.
  Time since last request: 0.000022 seconds.
  path: Assets/Player/textures/short02.mat
  artifactKey: Guid(ba4139d39a70e4e47ae4b20f624ab3b6) Importer(815301076,1909f56bfc062723c751e8b465ee728b)
Start importing Assets/Player/textures/short02.mat using Guid(ba4139d39a70e4e47ae4b20f624ab3b6) Importer(815301076,1909f56bfc062723c751e8b465ee728b) (PreviewImporter) -> (artifact id: 'b60ddd330c047b1f6264c0bce8bf6473') in 0.0085467 seconds
Number of updated asset objects reloaded before import = 0Number of asset objects unloaded after import = 2

========================================================================
Received Import Request.
  Time since last request: 21.652007 seconds.
  path: Assets/Player/textures/blue_eye.png
  artifactKey: Guid(bc546e48803efdf4393fb9080f02c9ab) Importer(815301076,1909f56bfc062723c751e8b465ee728b)
Start importing Assets/Player/textures/blue_eye.png using Guid(bc546e48803efdf4393fb9080f02c9ab) Importer(815301076,1909f56bfc062723c751e8b465ee728b) (PreviewImporter) -> (artifact id: '2c3f2ef68bfb7c945a2258a7b2758aee') in 0.0181541 seconds
Number of updated asset objects reloaded before import = 0Number of asset objects unloaded after import = 2

========================================================================
Received Import Request.
  Time since last request: 49.529721 seconds.
  path: Assets/Player/Kai.fbx
  artifactKey: Guid(efeb8be62d88a634c90ec9952402d370) Importer(815301076,1909f56bfc062723c751e8b465ee728b)
Start importing Assets/Player/Kai.fbx using Guid(efeb8be62d88a634c90ec9952402d370) Importer(815301076,1909f56bfc062723c751e8b465ee728b) (PreviewImporter) -> (artifact id: '2c4298487f9aae9053a2a8733b45bd96') in 0.0654515 seconds
Number of updated asset objects reloaded before import = 0Number of asset objects unloaded after import = 168

========================================================================
Received Import Request.
  Time since last request: 2.803587 seconds.
  path: Assets/Player/Kai.fbx
  artifactKey: Guid(efeb8be62d88a634c90ec9952402d370) Importer(815301076,1909f56bfc062723c751e8b465ee728b)
Start importing Assets/Player/Kai.fbx using Guid(efeb8be62d88a634c90ec9952402d370) Importer(815301076,1909f56bfc062723c751e8b465ee728b) (PreviewImporter) -> (artifact id: '9b982f084b40f84d182095e7be5500e5') in 0.0564166 seconds
Number of updated asset objects reloaded before import = 0Number of asset objects unloaded after import = 150

========================================================================
Received Import Request.
  Time since last request: 25.822719 seconds.
  path: Assets/Player/textures/eyebrow008.mat
  artifactKey: Guid(44b824eedeed1ab44b574d623d49fb04) Importer(815301076,1909f56bfc062723c751e8b465ee728b)
Start importing Assets/Player/textures/eyebrow008.mat using Guid(44b824eedeed1ab44b574d623d49fb04) Importer(815301076,1909f56bfc062723c751e8b465ee728b) (PreviewImporter) -> (artifact id: 'eea8b6ba272285294e378ce5db5a77d9') in 0.0084068 seconds
Number of updated asset objects reloaded before import = 0Number of asset objects unloaded after import = 2

========================================================================
Received Import Request.
  Time since last request: 0.000028 seconds.
  path: Assets/Player/textures/teeth_base.mat
  artifactKey: Guid(a2ce08126f63d6d43ab3f60d8443138e) Importer(815301076,1909f56bfc062723c751e8b465ee728b)
Start importing Assets/Player/textures/teeth_base.mat using Guid(a2ce08126f63d6d43ab3f60d8443138e) Importer(815301076,1909f56bfc062723c751e8b465ee728b) (PreviewImporter) -> (artifact id: '379ea3f221836e923319d11e4d22ad06') in 0.0111353 seconds
Number of updated asset objects reloaded before import = 0Number of asset objects unloaded after import = 2

========================================================================
Received Import Request.
  Time since last request: 0.000029 seconds.
  path: Assets/Player/textures/kai.mat
  artifactKey: Guid(5a45d09ee02f3d041b4b875628fcdf42) Importer(815301076,1909f56bfc062723c751e8b465ee728b)
Start importing Assets/Player/textures/kai.mat using Guid(5a45d09ee02f3d041b4b875628fcdf42) Importer(815301076,1909f56bfc062723c751e8b465ee728b) (PreviewImporter) -> (artifact id: 'b089412e8206bd36f4fb5556eabe2d93') in 0.0064527 seconds
Number of updated asset objects reloaded before import = 0Number of asset objects unloaded after import = 1

========================================================================
Received Import Request.
  Time since last request: 0.000020 seconds.
  path: Assets/Player/textures/tongue01.mat
  artifactKey: Guid(72b0ae8549470364faff9551d0490604) Importer(815301076,1909f56bfc062723c751e8b465ee728b)
Start importing Assets/Player/textures/tongue01.mat using Guid(72b0ae8549470364faff9551d0490604) Importer(815301076,1909f56bfc062723c751e8b465ee728b) (PreviewImporter) -> (artifact id: 'a9626212fcab84c7616ede81c15dd30b') in 0.0070598 seconds
Number of updated asset objects reloaded before import = 0Number of asset objects unloaded after import = 2

========================================================================
Received Import Request.
  Time since last request: 0.000036 seconds.
  path: Assets/Player/textures/shoes03.mat
  artifactKey: Guid(b6fe46657d2e5c0448aea70855cd6057) Importer(815301076,1909f56bfc062723c751e8b465ee728b)
Start importing Assets/Player/textures/shoes03.mat using Guid(b6fe46657d2e5c0448aea70855cd6057) Importer(815301076,1909f56bfc062723c751e8b465ee728b) (PreviewImporter) -> (artifact id: 'c7943e28ff662893206dfe0cf7de633a') in 0.0066583 seconds
Number of updated asset objects reloaded before import = 0Number of asset objects unloaded after import = 2

========================================================================
Received Import Request.
  Time since last request: 0.000018 seconds.
  path: Assets/Player/textures/high-poly.mat
  artifactKey: Guid(ffc41b1db8d5a8243b983f8254a69a4c) Importer(815301076,1909f56bfc062723c751e8b465ee728b)
Start importing Assets/Player/textures/high-poly.mat using Guid(ffc41b1db8d5a8243b983f8254a69a4c) Importer(815301076,1909f56bfc062723c751e8b465ee728b) (PreviewImporter) -> (artifact id: 'fc89557ac5c193938369006699d2a4b7') in 0.0070766 seconds
Number of updated asset objects reloaded before import = 0Number of asset objects unloaded after import = 2

========================================================================
Received Import Request.
  Time since last request: 0.000021 seconds.
  path: Assets/Player/textures/male_casualsuit01.mat
  artifactKey: Guid(f998dc8f333ada84d8889fd09eeffeea) Importer(815301076,1909f56bfc062723c751e8b465ee728b)
Start importing Assets/Player/textures/male_casualsuit01.mat using Guid(f998dc8f333ada84d8889fd09eeffeea) Importer(815301076,1909f56bfc062723c751e8b465ee728b) (PreviewImporter) -> (artifact id: '388a8421ec8c8e05972433668d9f2309') in 0.0110321 seconds
Number of updated asset objects reloaded before import = 0Number of asset objects unloaded after import = 3

========================================================================
Received Import Request.
  Time since last request: 0.000022 seconds.
  path: Assets/Player/textures/short02.mat
  artifactKey: Guid(ba4139d39a70e4e47ae4b20f624ab3b6) Importer(815301076,1909f56bfc062723c751e8b465ee728b)
Start importing Assets/Player/textures/short02.mat using Guid(ba4139d39a70e4e47ae4b20f624ab3b6) Importer(815301076,1909f56bfc062723c751e8b465ee728b) (PreviewImporter) -> (artifact id: 'c351cdc954a030d7885c04c76fe8a0a5') in 0.0083442 seconds
Number of updated asset objects reloaded before import = 0Number of asset objects unloaded after import = 2

Editor requested this worker to shutdown with reason: Scaling down because of idle timeout
AssetImportWorker is now disconnected from the server
Process exiting
Exiting without the bug reporter. Application will terminate with return code 0